Vector 0 first 3 entries: (0.840 + i0.394) (0.783 + i0.798) (0.912 + i0.198) 
Vector 1 first 3 entries: (0.016 + i0.243) (0.137 + i0.804) (0.157 + i0.401) 
Vector 2 first 3 entries: (0.527 + i0.770) (0.400 + i0.892) (0.283 + i0.352) 
Vector 3 first 3 entries: (0.238 + i0.971) (0.902 + i0.851) (0.267 + i0.540) 
Vector 4 first 3 entries: (0.688 + i0.166) (0.440 + i0.880) (0.829 + i0.330) 
<v0, v1> = 3.331e-16 + i0.000e+00
<v0, v2> = 3.053e-16 + i1.665e-16
<v0, v3> = 3.469e-16 + i-2.220e-16
<v0, v4> = 4.025e-16 + i-2.220e-16
<v1, v2> = 0.000e+00 + i1.388e-17
<v1, v3> = 1.388e-17 + i9.714e-17
<v1, v4> = 6.939e-18 + i8.327e-17
<v2, v3> = 3.053e-16 + i-2.776e-17
<v2, v4> = -3.469e-17 + i-5.551e-17
<v3, v4> = 0.000e+00 + i-1.388e-17
||v0|| = 1.000000
||v1|| = 1.000000
||v2|| = 1.000000
||v3|| = 1.000000
||v4|| = 1.000000
